花仙子,68.80,too high
榮化,47.00,OK
永純,,OK
東聯,25.00,low
長興,41.40,low
中碳,116.00,OK
永記,75.80,wait
亞泥,51.00,OK
台泥,51.20,low
威剛,,low
通泰,,low
台積電,592.00,too high
聯詠,500.00,too high
日月光,38.00,low
瑞軒,17.45,low
潤泰新,56.80,low
大豐電,47.15,low
寶成,38.05,wait
信義,29.80,low
豐泰,15.20,too high
中聯資,47.25,low
茂順,103.00,wait
中保,95.50,wait
福興,46.10,wait
裕融,155.50,wait
新保,39.00,OK
亞弘電,48.15,wait
晉倫,,wait
台塑化,114.50,too high
台汽電,38.75,OK
大台北,33.55,too high
欣天然,40.10,too high
欣泰,,too high
新海,47.85,low
欣高,40.00,low
欣雄,,low
華南金,18.60,low
富邦金,40.47,too high
國泰金,54.10,wait
第一金,28.74,too high
華票,16.45,OK
兆豐金,32.85,OK
達欣工,34.75,wait
基泰,9.97,low
德昌,,low
統一,50.70,too high
大統益,165.50,too high
福懋,47.00,too high
年興,21.50,low
遠東新,32.55,low
中連貨,,low
台灣大,102.00,OK
遠傳,65.00,OK
中華電,114.00,wait
富爾特,18.65,low
統一超,260.00,wait
南亞,85.90,wait
台塑,106.00,wait
台化,86.80,OK
豐藝,42.60,OK
聯強,52.00,OK
信音,,OK
日電貿,58.40,low
霖宏,,low
台達電,303.50,too high
鎰勝,44.40,low
仁寶,22.45,OK
光寶科,58.20,OK
研華,343.00,too high
廣達,89.50,wait
朋程,,wait
台橡,34.10,low
青鋼,,low
東鋼,,low
中鋼,39.70,wait
台灣50,139.75,too high
高股息,35.91,wait
新光R1,19.15,too high
國泰R2,19.86,too high
